0 verbose cli C:\Program Files\nodejs\node.exe C:\Users\Lenovo\AppData\Roaming\npm\node_modules\npm\bin\npm-cli.js
1 info using npm@10.9.1
2 info using node@v22.11.0
3 silly config load:file:C:\Users\Lenovo\AppData\Roaming\npm\node_modules\npm\npmrc
4 silly config load:file:C:\simrs\.npmrc
5 silly config load:file:C:\Users\Lenovo\.npmrc
6 silly config load:file:C:\Users\Lenovo\AppData\Roaming\npm\etc\npmrc
7 verbose title npm install
8 verbose argv "install"
9 verbose logfile logs-max:10 dir:C:\simrs\tempnpm-cache\_logs\2024-12-06T07_47_17_929Z-
10 verbose logfile C:\simrs\tempnpm-cache\_logs\2024-12-06T07_47_17_929Z-debug-0.log
11 silly logfile done cleaning log files
12 silly packumentCache heap:2134900736 maxSize:533725184 maxEntrySize:266862592
13 silly idealTree buildDeps
14 verbose shrinkwrap failed to load node_modules/.package-lock.json out of date, updated: node_modules
15 silly reify moves {}
16 silly audit bulk request {
16 silly audit   '@esbuild/android-arm': [ '0.18.20' ],
16 silly audit   '@esbuild/android-arm64': [ '0.18.20' ],
16 silly audit   '@esbuild/android-x64': [ '0.18.20' ],
16 silly audit   '@esbuild/darwin-arm64': [ '0.18.20' ],
16 silly audit   '@esbuild/darwin-x64': [ '0.18.20' ],
16 silly audit   '@esbuild/freebsd-arm64': [ '0.18.20' ],
16 silly audit   '@esbuild/freebsd-x64': [ '0.18.20' ],
16 silly audit   '@esbuild/linux-arm': [ '0.18.20' ],
16 silly audit   '@esbuild/linux-arm64': [ '0.18.20' ],
16 silly audit   '@esbuild/linux-ia32': [ '0.18.20' ],
16 silly audit   '@esbuild/linux-loong64': [ '0.18.20' ],
16 silly audit   '@esbuild/linux-mips64el': [ '0.18.20' ],
16 silly audit   '@esbuild/linux-ppc64': [ '0.18.20' ],
16 silly audit   '@esbuild/linux-riscv64': [ '0.18.20' ],
16 silly audit   '@esbuild/linux-s390x': [ '0.18.20' ],
16 silly audit   '@esbuild/linux-x64': [ '0.18.20' ],
16 silly audit   '@esbuild/netbsd-x64': [ '0.18.20' ],
16 silly audit   '@esbuild/openbsd-x64': [ '0.18.20' ],
16 silly audit   '@esbuild/sunos-x64': [ '0.18.20' ],
16 silly audit   '@esbuild/win32-arm64': [ '0.18.20' ],
16 silly audit   '@esbuild/win32-ia32': [ '0.18.20' ],
16 silly audit   '@esbuild/win32-x64': [ '0.18.20' ],
16 silly audit   'admin-lte': [ '4.0.0-beta2' ],
16 silly audit   asynckit: [ '0.4.0' ],
16 silly audit   axios: [ '1.7.9' ],
16 silly audit   'combined-stream': [ '1.0.8' ],
16 silly audit   'delayed-stream': [ '1.0.0' ],
16 silly audit   esbuild: [ '0.18.20' ],
16 silly audit   'follow-redirects': [ '1.15.9' ],
16 silly audit   'form-data': [ '4.0.1' ],
16 silly audit   fsevents: [ '2.3.3' ],
16 silly audit   'laravel-vite-plugin': [ '0.7.8' ],
16 silly audit   lodash: [ '4.17.21' ],
16 silly audit   'mime-db': [ '1.52.0' ],
16 silly audit   'mime-types': [ '2.1.35' ],
16 silly audit   nanoid: [ '3.3.8' ],
16 silly audit   picocolors: [ '1.1.1' ],
16 silly audit   picomatch: [ '2.3.1' ],
16 silly audit   postcss: [ '8.4.49' ],
16 silly audit   'proxy-from-env': [ '1.1.0' ],
16 silly audit   rollup: [ '3.29.5' ],
16 silly audit   'source-map-js': [ '1.2.1' ],
16 silly audit   vite: [ '4.5.5' ],
16 silly audit   'vite-plugin-full-reload': [ '1.2.0' ]
16 silly audit }
17 verbose reify failed optional dependency C:\simrs\node_modules\fsevents
18 silly reify mark deleted [ 'C:\\simrs\\node_modules\\fsevents' ]
19 verbose reify failed optional dependency C:\simrs\node_modules\@esbuild\win32-ia32
20 silly reify mark deleted [ 'C:\\simrs\\node_modules\\@esbuild\\win32-ia32' ]
21 verbose reify failed optional dependency C:\simrs\node_modules\@esbuild\win32-arm64
22 silly reify mark deleted [ 'C:\\simrs\\node_modules\\@esbuild\\win32-arm64' ]
23 verbose reify failed optional dependency C:\simrs\node_modules\@esbuild\sunos-x64
24 silly reify mark deleted [ 'C:\\simrs\\node_modules\\@esbuild\\sunos-x64' ]
25 verbose reify failed optional dependency C:\simrs\node_modules\@esbuild\openbsd-x64
26 silly reify mark deleted [ 'C:\\simrs\\node_modules\\@esbuild\\openbsd-x64' ]
27 verbose reify failed optional dependency C:\simrs\node_modules\@esbuild\netbsd-x64
28 silly reify mark deleted [ 'C:\\simrs\\node_modules\\@esbuild\\netbsd-x64' ]
29 verbose reify failed optional dependency C:\simrs\node_modules\@esbuild\linux-x64
30 silly reify mark deleted [ 'C:\\simrs\\node_modules\\@esbuild\\linux-x64' ]
31 verbose reify failed optional dependency C:\simrs\node_modules\@esbuild\linux-s390x
32 silly reify mark deleted [ 'C:\\simrs\\node_modules\\@esbuild\\linux-s390x' ]
33 verbose reify failed optional dependency C:\simrs\node_modules\@esbuild\linux-riscv64
34 silly reify mark deleted [ 'C:\\simrs\\node_modules\\@esbuild\\linux-riscv64' ]
35 verbose reify failed optional dependency C:\simrs\node_modules\@esbuild\linux-ppc64
36 silly reify mark deleted [ 'C:\\simrs\\node_modules\\@esbuild\\linux-ppc64' ]
37 verbose reify failed optional dependency C:\simrs\node_modules\@esbuild\linux-mips64el
38 silly reify mark deleted [ 'C:\\simrs\\node_modules\\@esbuild\\linux-mips64el' ]
39 verbose reify failed optional dependency C:\simrs\node_modules\@esbuild\linux-loong64
40 silly reify mark deleted [ 'C:\\simrs\\node_modules\\@esbuild\\linux-loong64' ]
41 verbose reify failed optional dependency C:\simrs\node_modules\@esbuild\linux-ia32
42 silly reify mark deleted [ 'C:\\simrs\\node_modules\\@esbuild\\linux-ia32' ]
43 verbose reify failed optional dependency C:\simrs\node_modules\@esbuild\linux-arm64
44 silly reify mark deleted [ 'C:\\simrs\\node_modules\\@esbuild\\linux-arm64' ]
45 verbose reify failed optional dependency C:\simrs\node_modules\@esbuild\linux-arm
46 silly reify mark deleted [ 'C:\\simrs\\node_modules\\@esbuild\\linux-arm' ]
47 verbose reify failed optional dependency C:\simrs\node_modules\@esbuild\freebsd-x64
48 silly reify mark deleted [ 'C:\\simrs\\node_modules\\@esbuild\\freebsd-x64' ]
49 verbose reify failed optional dependency C:\simrs\node_modules\@esbuild\freebsd-arm64
50 silly reify mark deleted [ 'C:\\simrs\\node_modules\\@esbuild\\freebsd-arm64' ]
51 verbose reify failed optional dependency C:\simrs\node_modules\@esbuild\darwin-x64
52 silly reify mark deleted [ 'C:\\simrs\\node_modules\\@esbuild\\darwin-x64' ]
53 verbose reify failed optional dependency C:\simrs\node_modules\@esbuild\darwin-arm64
54 silly reify mark deleted [ 'C:\\simrs\\node_modules\\@esbuild\\darwin-arm64' ]
55 verbose reify failed optional dependency C:\simrs\node_modules\@esbuild\android-x64
56 silly reify mark deleted [ 'C:\\simrs\\node_modules\\@esbuild\\android-x64' ]
57 verbose reify failed optional dependency C:\simrs\node_modules\@esbuild\android-arm64
58 silly reify mark deleted [ 'C:\\simrs\\node_modules\\@esbuild\\android-arm64' ]
59 verbose reify failed optional dependency C:\simrs\node_modules\@esbuild\android-arm
60 silly reify mark deleted [ 'C:\\simrs\\node_modules\\@esbuild\\android-arm' ]
61 http fetch POST 200 https://registry.npmjs.org/-/npm/v1/security/advisories/bulk 741ms
62 silly audit report {}
63 silly ADD
64 silly ADD
65 silly ADD
66 silly ADD
67 silly ADD
68 silly ADD
69 silly ADD
70 silly ADD
71 silly ADD
72 silly ADD
73 silly ADD
74 silly ADD
75 silly ADD
76 silly ADD
77 silly ADD
78 silly ADD
79 silly ADD
80 silly ADD
81 silly ADD
82 silly ADD
83 silly ADD
84 silly ADD
85 verbose cwd C:\simrs
86 verbose os Windows_NT 10.0.19045
87 verbose node v22.11.0
88 verbose npm  v10.9.1
89 verbose exit 0
90 info ok
